[LIVE_TEST] Starting live marker safety test mode
[LIVE_TEST] Camera index: 0
[LIVE_TEST] Expected marker ID: 23
[LIVE_TEST] Camera backend preference: libcamera2opencv
[LIVE_TEST] Auto operator ack: OFF
[LIVE_TEST] Physical button = single-button control
[LIVE_TEST] Controls: space/button=single-button control, a/r/d=aliases, 1/2/3=select routine, q=quit
[LIVE_TEST] Starting in DISARMED setup mode
[LIVE_TEST] Guardian thresholds: freeze after 30 consecutive bad frames, recover after 3 consecutive good frames.
[LIVE_TEST] Routines: 1=FULL_SWEEP, 2=BASE_SCAN, 3=GRIP_PULSE
[LIVE_TEST] Focus debug enabled: FOCUS_SCORE (Laplacian variance), higher usually means sharper marker edges.
[CameraCapture] Opened via libcamera2opencv callback backend
[LIVE_TEST] Camera backend active: libcamera2opencv (LIBCAMERA2OPENCV)
[INIT] Guardian State Machine initialized with freezeCount=30, recoverCount=3
[LIVE_TEST] Physical button module: configured (/dev/gpiochip0 named GPIO24 (offset 24), initial=RELEASED, debounce=50ms)
[LIVE_TEST] status: armed=NO safe=NO waiting=NO routine=1 vision=TOOL_NOT_DETECTED guardian=DISARMED_SETUP interlock=DISARMED motion_ctrl=DISABLED freeze_reason=N/A
[LIVE_TEST] status: armed=NO safe=NO waiting=NO routine=1 vision=OUTSIDE_ALLOWED_ZONE guardian=DISARMED_SETUP interlock=DISARMED motion_ctrl=DISABLED freeze_reason=N/A
[LIVE_TEST] status: armed=NO safe=NO waiting=NO routine=1 vision=TOOL_NOT_DETECTED guardian=DISARMED_SETUP interlock=DISARMED motion_ctrl=DISABLED freeze_reason=N/A
[LIVE_TEST] status: armed=NO safe=YES waiting=NO routine=1 vision=SAFE guardian=DISARMED_SETUP interlock=DISARMED motion_ctrl=DISABLED freeze_reason=N/A
[LIVE_TEST] routine 3 selected: GRIP_PULSE
[LIVE_TEST] status: armed=NO safe=YES waiting=NO routine=3 vision=SAFE guardian=DISARMED_SETUP interlock=DISARMED motion_ctrl=DISABLED freeze_reason=N/A
[BUTTON] ACK_REQUEST
[INIT] Guardian State Machine initialized with freezeCount=30, recoverCount=3
[LIVE_TEST] pose=HOME wait=1s
[LIVE_TEST] ARM accepted: guardian enforcement is now ACTIVE.
[LIVE_TEST] status: armed=YES safe=YES waiting=NO routine=3 vision=SAFE guardian=SAFE_MONITORING interlock=SAFE motion_ctrl=ENABLED freeze_reason=NONE
[LIVE_TEST] pose=HOME wait=1s
[LIVE_TEST] pose=GRIP +45 wait=1s
[LIVE_TEST] pose=HOME wait=1s
[LIVE_TEST] pose=GRIP -45 wait=1s
[LIVE_TEST] pose=HOME wait=1s
[LIVE_TEST] status: armed=YES safe=NO waiting=NO routine=3 vision=TOOL_NOT_DETECTED guardian=SAFE_MONITORING interlock=SAFE motion_ctrl=ENABLED freeze_reason=NONE
[LIVE_TEST] pose=HOME wait=1s
[LIVE_TEST] freeze: MARKER_LOST
[ACTION] FREEZE_NOW - Motion blocked
[GUARDIAN] SAFE_MONITORING -> FROZEN_UNSAFE
[TRANSITION] SAFE_MONITORING -> FROZEN_UNSAFE | bad_count=30 good_count=0
[LIVE_TEST] status: armed=YES safe=NO waiting=NO routine=3 vision=TOOL_NOT_DETECTED guardian=FROZEN_UNSAFE interlock=FROZEN motion_ctrl=DISABLED freeze_reason=MARKER_LOST
[LIVE_TEST] waiting for continue
[LIVE_TEST] status: armed=YES safe=YES waiting=YES routine=3 vision=SAFE guardian=FROZEN_UNSAFE interlock=FROZEN motion_ctrl=DISABLED freeze_reason=MARKER_LOST
[LIVE_TEST] status: armed=YES safe=NO waiting=NO routine=3 vision=TOOL_NOT_DETECTED guardian=FROZEN_UNSAFE interlock=FROZEN motion_ctrl=DISABLED freeze_reason=MARKER_LOST
[LIVE_TEST] waiting for continue
[LIVE_TEST] status: armed=YES safe=YES waiting=YES routine=3 vision=SAFE guardian=FROZEN_UNSAFE interlock=FROZEN motion_ctrl=DISABLED freeze_reason=MARKER_LOST
[LIVE_TEST] status: armed=YES safe=NO waiting=NO routine=3 vision=TOOL_NOT_DETECTED guardian=FROZEN_UNSAFE interlock=FROZEN motion_ctrl=DISABLED freeze_reason=MARKER_LOST
[LIVE_TEST] waiting for continue
[LIVE_TEST] status: armed=YES safe=YES waiting=YES routine=3 vision=SAFE guardian=FROZEN_UNSAFE interlock=FROZEN motion_ctrl=DISABLED freeze_reason=MARKER_LOST
[LIVE_TEST] status: armed=YES safe=NO waiting=NO routine=3 vision=TOOL_NOT_DETECTED guardian=FROZEN_UNSAFE interlock=FROZEN motion_ctrl=DISABLED freeze_reason=MARKER_LOST
[LIVE_TEST] waiting for continue
[LIVE_TEST] status: armed=YES safe=YES waiting=YES routine=3 vision=SAFE guardian=FROZEN_UNSAFE interlock=FROZEN motion_ctrl=DISABLED freeze_reason=MARKER_LOST
[LIVE_TEST] status: armed=YES safe=NO waiting=NO routine=3 vision=TOOL_NOT_DETECTED guardian=FROZEN_UNSAFE interlock=FROZEN motion_ctrl=DISABLED freeze_reason=MARKER_LOST
[LIVE_TEST] waiting for continue
[LIVE_TEST] status: armed=YES safe=YES waiting=YES routine=3 vision=SAFE guardian=FROZEN_UNSAFE interlock=FROZEN motion_ctrl=DISABLED freeze_reason=MARKER_LOST
[BUTTON] ACK_REQUEST
[OPERATOR] Acknowledgment received
[GUARDIAN] FROZEN_UNSAFE -> RESET_PENDING
[TRANSITION] FROZEN_UNSAFE -> RESET_PENDING | bad_count=30 good_count=0
[LIVE_TEST] Operator acknowledge requested.
[LIVE_TEST] status: armed=YES safe=YES waiting=YES routine=3 vision=SAFE guardian=RESET_PENDING interlock=FROZEN motion_ctrl=DISABLED freeze_reason=MARKER_LOST
[LIVE_TEST] status: armed=YES safe=YES waiting=NO routine=3 vision=SAFE guardian=RESET_PENDING interlock=FROZEN motion_ctrl=DISABLED freeze_reason=MARKER_LOST
[LIVE_TEST] resume
[ACTION] CLEAR_FREEZE - Motion allowed
[GUARDIAN] RESET_PENDING -> SAFE_MONITORING
[TRANSITION] RESET_PENDING -> SAFE_MONITORING | bad_count=0 good_count=0
[LIVE_TEST] status: armed=YES safe=YES waiting=NO routine=3 vision=SAFE guardian=SAFE_MONITORING interlock=SAFE motion_ctrl=ENABLED freeze_reason=NONE
[LIVE_TEST] pose=GRIP +45 wait=1s
[LIVE_TEST] pose=HOME wait=1s
[LIVE_TEST] pose=GRIP -45 wait=1s
[LIVE_TEST] status: armed=YES safe=NO waiting=NO routine=3 vision=TOOL_NOT_DETECTED guardian=SAFE_MONITORING interlock=SAFE motion_ctrl=ENABLED freeze_reason=NONE
[LIVE_TEST] status: armed=YES safe=YES waiting=NO routine=3 vision=SAFE guardian=SAFE_MONITORING interlock=SAFE motion_ctrl=ENABLED freeze_reason=NONE
[LIVE_TEST] pose=HOME wait=1s
[LIVE_TEST] pose=HOME wait=1s
[LIVE_TEST] pose=GRIP +45 wait=1s
[LIVE_TEST] status: armed=YES safe=NO waiting=NO routine=3 vision=TOOL_NOT_DETECTED guardian=SAFE_MONITORING interlock=SAFE motion_ctrl=ENABLED freeze_reason=NONE
[LIVE_TEST] status: armed=YES safe=YES waiting=NO routine=3 vision=SAFE guardian=SAFE_MONITORING interlock=SAFE motion_ctrl=ENABLED freeze_reason=NONE
[LIVE_TEST] pose=HOME wait=1s
[BUTTON] ACK_REQUEST
[INIT] Guardian State Machine initialized with freezeCount=30, recoverCount=3
[LIVE_TEST] DISARM accepted: guardian enforcement is now INACTIVE (setup/observation mode).
[LIVE_TEST] status: armed=NO safe=YES waiting=NO routine=3 vision=SAFE guardian=DISARMED_SETUP interlock=DISARMED motion_ctrl=DISABLED freeze_reason=N/A
[LIVE_TEST] status: armed=NO safe=NO waiting=NO routine=3 vision=TOOL_NOT_DETECTED guardian=DISARMED_SETUP interlock=DISARMED motion_ctrl=DISABLED freeze_reason=N/A
[LIVE_TEST] status: armed=NO safe=YES waiting=NO routine=3 vision=SAFE guardian=DISARMED_SETUP interlock=DISARMED motion_ctrl=DISABLED freeze_reason=N/A
[LIVE_TEST] status: armed=NO safe=NO waiting=NO routine=3 vision=TOOL_NOT_DETECTED guardian=DISARMED_SETUP interlock=DISARMED motion_ctrl=DISABLED freeze_reason=N/A
[LIVE_TEST] status: armed=NO safe=YES waiting=NO routine=3 vision=SAFE guardian=DISARMED_SETUP interlock=DISARMED motion_ctrl=DISABLED freeze_reason=N/A
[LIVE_TEST] status: armed=NO safe=NO waiting=NO routine=3 vision=TOOL_NOT_DETECTED guardian=DISARMED_SETUP interlock=DISARMED motion_ctrl=DISABLED freeze_reason=N/A
[LIVE_TEST] status: armed=NO safe=YES waiting=NO routine=3 vision=SAFE guardian=DISARMED_SETUP interlock=DISARMED motion_ctrl=DISABLED freeze_reason=N/A
